  Schachspiel.c
c:\users\sven pieper\documents\programmieren_1\belegaufgabe_sven_pieper - 15.12._00_49\belegaufgabe_sven_pieper\schachspiel.c(113): warning C4013: "gets" undefiniert; Annahme: extern mit Rückgabetyp int
c:\users\sven pieper\documents\programmieren_1\belegaufgabe_sven_pieper - 15.12._00_49\belegaufgabe_sven_pieper\schachspiel.c(115): warning C4047: "Funktion": Anzahl der Dereferenzierungen bei "char *" und "char (*)[80]" unterschiedlich
c:\users\sven pieper\documents\programmieren_1\belegaufgabe_sven_pieper - 15.12._00_49\belegaufgabe_sven_pieper\schachspiel.c(115): warning C4024: "strcat": unterschiedliche Typen für formalen und übergebenen Parameter 1
c:\users\sven pieper\documents\programmieren_1\belegaufgabe_sven_pieper - 15.12._00_49\belegaufgabe_sven_pieper\schachspiel.c(115): warning C4996: 'strcat': This function or variable may be unsafe. Consider using strcat_s instead. To disable deprecation, use _CRT_SECURE_NO_WARNINGS. See online help for details.
  c:\program files (x86)\windows kits\10\include\10.0.10240.0\ucrt\string.h(90): note: Siehe Deklaration von "strcat"
c:\users\sven pieper\documents\programmieren_1\belegaufgabe_sven_pieper - 15.12._00_49\belegaufgabe_sven_pieper\schachspiel.c(116): warning C4996: 'fopen': This function or variable may be unsafe. Consider using fopen_s instead. To disable deprecation, use _CRT_SECURE_NO_WARNINGS. See online help for details.
  c:\program files (x86)\windows kits\10\include\10.0.10240.0\ucrt\stdio.h(205): note: Siehe Deklaration von "fopen"
c:\users\sven pieper\documents\programmieren_1\belegaufgabe_sven_pieper - 15.12._00_49\belegaufgabe_sven_pieper\schachspiel.c(142): warning C4996: 'fopen': This function or variable may be unsafe. Consider using fopen_s instead. To disable deprecation, use _CRT_SECURE_NO_WARNINGS. See online help for details.
  c:\program files (x86)\windows kits\10\include\10.0.10240.0\ucrt\stdio.h(205): note: Siehe Deklaration von "fopen"
c:\users\sven pieper\documents\programmieren_1\belegaufgabe_sven_pieper - 15.12._00_49\belegaufgabe_sven_pieper\schachspiel.c(164): warning C4047: "Funktion": Anzahl der Dereferenzierungen bei "char *" und "char *(*)[80]" unterschiedlich
c:\users\sven pieper\documents\programmieren_1\belegaufgabe_sven_pieper - 15.12._00_49\belegaufgabe_sven_pieper\schachspiel.c(164): warning C4024: "strcat": unterschiedliche Typen für formalen und übergebenen Parameter 1
c:\users\sven pieper\documents\programmieren_1\belegaufgabe_sven_pieper - 15.12._00_49\belegaufgabe_sven_pieper\schachspiel.c(166): warning C4047: "Funktion": Anzahl der Dereferenzierungen bei "char *" und "char *[80]" unterschiedlich
c:\users\sven pieper\documents\programmieren_1\belegaufgabe_sven_pieper - 15.12._00_49\belegaufgabe_sven_pieper\schachspiel.c(166): warning C4024: "file_exist": unterschiedliche Typen für formalen und übergebenen Parameter 1
c:\users\sven pieper\documents\programmieren_1\belegaufgabe_sven_pieper - 15.12._00_49\belegaufgabe_sven_pieper\schachspiel.c(171): warning C4047: "Funktion": Anzahl der Dereferenzierungen bei "char *" und "char *[80]" unterschiedlich
c:\users\sven pieper\documents\programmieren_1\belegaufgabe_sven_pieper - 15.12._00_49\belegaufgabe_sven_pieper\schachspiel.c(171): warning C4024: "file_exist": unterschiedliche Typen für formalen und übergebenen Parameter 1
c:\users\sven pieper\documents\programmieren_1\belegaufgabe_sven_pieper - 15.12._00_49\belegaufgabe_sven_pieper\schachspiel.c(173): warning C4047: "Funktion": Anzahl der Dereferenzierungen bei "const char *" und "char *[80]" unterschiedlich
c:\users\sven pieper\documents\programmieren_1\belegaufgabe_sven_pieper - 15.12._00_49\belegaufgabe_sven_pieper\schachspiel.c(173): warning C4024: "fopen": unterschiedliche Typen für formalen und übergebenen Parameter 1
c:\users\sven pieper\documents\programmieren_1\belegaufgabe_sven_pieper - 15.12._00_49\belegaufgabe_sven_pieper\schachspiel.c(164): warning C4996: 'strcat': This function or variable may be unsafe. Consider using strcat_s instead. To disable deprecation, use _CRT_SECURE_NO_WARNINGS. See online help for details.
  c:\program files (x86)\windows kits\10\include\10.0.10240.0\ucrt\string.h(90): note: Siehe Deklaration von "strcat"
c:\users\sven pieper\documents\programmieren_1\belegaufgabe_sven_pieper - 15.12._00_49\belegaufgabe_sven_pieper\schachspiel.c(173): warning C4996: 'fopen': This function or variable may be unsafe. Consider using fopen_s instead. To disable deprecation, use _CRT_SECURE_NO_WARNINGS. See online help for details.
  c:\program files (x86)\windows kits\10\include\10.0.10240.0\ucrt\stdio.h(205): note: Siehe Deklaration von "fopen"
c:\users\sven pieper\documents\programmieren_1\belegaufgabe_sven_pieper - 15.12._00_49\belegaufgabe_sven_pieper\schachspiel.c(179): warning C4996: 'fscanf': This function or variable may be unsafe. Consider using fscanf_s instead. To disable deprecation, use _CRT_SECURE_NO_WARNINGS. See online help for details.
  c:\program files (x86)\windows kits\10\include\10.0.10240.0\ucrt\stdio.h(1193): note: Siehe Deklaration von "fscanf"
c:\users\sven pieper\documents\programmieren_1\belegaufgabe_sven_pieper - 15.12._00_49\belegaufgabe_sven_pieper\schachspiel.c(201): warning C4996: 'scanf': This function or variable may be unsafe. Consider using scanf_s instead. To disable deprecation, use _CRT_SECURE_NO_WARNINGS. See online help for details.
  c:\program files (x86)\windows kits\10\include\10.0.10240.0\ucrt\stdio.h(1270): note: Siehe Deklaration von "scanf"
c:\users\sven pieper\documents\programmieren_1\belegaufgabe_sven_pieper - 15.12._00_49\belegaufgabe_sven_pieper\schachspiel.c(684): warning C4033: "naechster_zug" muss einen Wert zurückgeben
c:\users\sven pieper\documents\programmieren_1\belegaufgabe_sven_pieper - 15.12._00_49\belegaufgabe_sven_pieper\schachspiel.c(808): warning C4101: "a": Unreferenzierte lokale Variable
c:\users\sven pieper\documents\programmieren_1\belegaufgabe_sven_pieper - 15.12._00_49\belegaufgabe_sven_pieper\schachspiel.c(768): warning C4715: "naechster_zug": Nicht alle Steuerelementpfade geben einen Wert zurück.
c:\users\sven pieper\documents\programmieren_1\belegaufgabe_sven_pieper - 15.12._00_49\belegaufgabe_sven_pieper\schachspiel.c(546): warning C4715: "pruefung_schachregeln": Nicht alle Steuerelementpfade geben einen Wert zurück.
  Belegaufgabe_Sven_Pieper.vcxproj -> C:\Users\Sven Pieper\Documents\Programmieren_1\Belegaufgabe_Sven_Pieper - 15.12._00_49\Debug\Belegaufgabe_Sven_Pieper.exe
  Belegaufgabe_Sven_Pieper.vcxproj -> C:\Users\Sven Pieper\Documents\Programmieren_1\Belegaufgabe_Sven_Pieper - 15.12._00_49\Debug\Belegaufgabe_Sven_Pieper.pdb (Full PDB)
